# JRE version: OpenJDK Runtime Environment (11.0.15) (build 11.0.15+0-b2043.56-9505619)
# Java VM: OpenJDK 64-Bit Server VM (11.0.15+0-b2043.56-9505619, mixed mode, tiered, compressed oops, g1 gc, windows-amd64)
Heap:
 garbage-first heap   total 220160K, used 110867K [0x00000000a0000000, 0x0000000100000000)
  region size 1024K, 31 young (31744K), 10 survivors (10240K)
 Metaspace       used 83884K, capacity 86311K, committed 86480K, reserved 1124352K
  class space    used 10495K, capacity 11354K, committed 11392K, reserved 1048576K
GC Heap History (20 events):
Event: 64.708 GC heap before
{Heap before GC invocations=77 (full 0):
 garbage-first heap   total 220160K, used 190000K [0x00000000a0000000, 0x0000000100000000)
  region size 1024K, 111 young (113664K), 7 survivors (7168K)
 Metaspace       used 81124K, capacity 83198K, committed 83408K, reserved 1122304K
  class space    used 10086K, capacity 10808K, committed 10880K, reserved 1048576K
}
Event: 64.717 GC heap after
{Heap after GC invocations=78 (full 0):
 garbage-first heap   total 220160K, used 87969K [0x00000000a0000000, 0x0000000100000000)
  region size 1024K, 10 young (10240K), 10 survivors (10240K)
 Metaspace       used 81124K, capacity 83198K, committed 83408K, reserved 1122304K
  class space    used 10086K, capacity 10808K, committed 10880K, reserved 1048576K
}
Event: 64.927 GC heap before
{Heap before GC invocations=78 (full 0):
 garbage-first heap   total 220160K, used 186273K [0x00000000a0000000, 0x0000000100000000)
  region size 1024K, 107 young (109568K), 10 survivors (10240K)
 Metaspace       used 81124K, capacity 83198K, committed 83408K, reserved 1122304K
  class space    used 10086K, capacity 10808K, committed 10880K, reserved 1048576K
}
Event: 64.935 GC heap after
{Heap after GC invocations=79 (full 0):
 garbage-first heap   total 220160K, used 85805K [0x00000000a0000000, 0x0000000100000000)
  region size 1024K, 6 young (6144K), 6 survivors (6144K)
 Metaspace       used 81124K, capacity 83198K, committed 83408K, reserved 1122304K
  class space    used 10086K, capacity 10808K, committed 10880K, reserved 1048576K
}
Event: 65.194 GC heap before
{Heap before GC invocations=79 (full 0):
 garbage-first heap   total 220160K, used 189229K [0x00000000a0000000, 0x0000000100000000)
  region size 1024K, 109 young (111616K), 6 survivors (6144K)
 Metaspace       used 81124K, capacity 83198K, committed 83408K, reserved 1122304K
  class space    used 10086K, capacity 10808K, committed 10880K, reserved 1048576K
}
Event: 65.199 GC heap after
{Heap after GC invocations=80 (full 0):
 garbage-first heap   total 220160K, used 85840K [0x00000000a0000000, 0x0000000100000000)
  region size 1024K, 6 young (6144K), 6 survivors (6144K)
 Metaspace       used 81124K, capacity 83198K, committed 83408K, reserved 1122304K
  class space    used 10086K, capacity 10808K, committed 10880K, reserved 1048576K
}
Event: 65.423 GC heap before
{Heap before GC invocations=80 (full 0):
 garbage-first heap   total 220160K, used 189264K [0x00000000a0000000, 0x0000000100000000)
  region size 1024K, 109 young (111616K), 6 survivors (6144K)
 Metaspace       used 81129K, capacity 83198K, committed 83408K, reserved 1122304K
  class space    used 10087K, capacity 10808K, committed 10880K, reserved 1048576K
}
Event: 65.428 GC heap after
{Heap after GC invocations=81 (full 0):
 garbage-first heap   total 220160K, used 85032K [0x00000000a0000000, 0x0000000100000000)
  region size 1024K, 5 young (5120K), 5 survivors (5120K)
 Metaspace       used 81129K, capacity 83198K, committed 83408K, reserved 1122304K
  class space    used 10087K, capacity 10808K, committed 10880K, reserved 1048576K
}
Event: 65.596 GC heap before
{Heap before GC invocations=81 (full 0):
 garbage-first heap   total 220160K, used 191528K [0x00000000a0000000, 0x0000000100000000)
  region size 1024K, 110 young (112640K), 5 survivors (5120K)
 Metaspace       used 81136K, capacity 83198K, committed 83408K, reserved 1122304K
  class space    used 10087K, capacity 10808K, committed 10880K, reserved 1048576K
}
Event: 65.600 GC heap after
{Heap after GC invocations=82 (full 0):
 garbage-first heap   total 220160K, used 85728K [0x00000000a0000000, 0x0000000100000000)
  region size 1024K, 6 young (6144K), 6 survivors (6144K)
 Metaspace       used 81136K, capacity 83198K, committed 83408K, reserved 1122304K
  class space    used 10087K, capacity 10808K, committed 10880K, reserved 1048576K
}
Event: 65.762 GC heap before
{Heap before GC invocations=82 (full 0):
 garbage-first heap   total 220160K, used 189152K [0x00000000a0000000, 0x0000000100000000)
  region size 1024K, 108 young (110592K), 6 survivors (6144K)
 Metaspace       used 81136K, capacity 83198K, committed 83408K, reserved 1122304K
  class space    used 10087K, capacity 10808K, committed 10880K, reserved 1048576K
}
Event: 65.770 GC heap after
{Heap after GC invocations=83 (full 0):
 garbage-first heap   total 220160K, used 85738K [0x00000000a0000000, 0x0000000100000000)
  region size 1024K, 6 young (6144K), 6 survivors (6144K)
 Metaspace       used 81136K, capacity 83198K, committed 83408K, reserved 1122304K
  class space    used 10087K, capacity 10808K, committed 10880K, reserved 1048576K
}
Event: 65.932 GC heap before
{Heap before GC invocations=83 (full 0):
 garbage-first heap   total 220160K, used 189162K [0x00000000a0000000, 0x0000000100000000)
  region size 1024K, 109 young (111616K), 6 survivors (6144K)
 Metaspace       used 81136K, capacity 83198K, committed 83408K, reserved 1122304K
  class space    used 10087K, capacity 10808K, committed 10880K, reserved 1048576K
}
Event: 65.938 GC heap after
{Heap after GC invocations=84 (full 0):
 garbage-first heap   total 220160K, used 86407K [0x00000000a0000000, 0x0000000100000000)
  region size 1024K, 6 young (6144K), 6 survivors (6144K)
 Metaspace       used 81136K, capacity 83198K, committed 83408K, reserved 1122304K
  class space    used 10087K, capacity 10808K, committed 10880K, reserved 1048576K
}
Event: 66.130 GC heap before
{Heap before GC invocations=84 (full 0):
 garbage-first heap   total 220160K, used 189831K [0x00000000a0000000, 0x0000000100000000)
  region size 1024K, 108 young (110592K), 6 survivors (6144K)
 Metaspace       used 81136K, capacity 83198K, committed 83408K, reserved 1122304K
  class space    used 10087K, capacity 10808K, committed 10880K, reserved 1048576K
}
Event: 66.134 GC heap after
{Heap after GC invocations=85 (full 0):
 garbage-first heap   total 220160K, used 85631K [0x00000000a0000000, 0x0000000100000000)
  region size 1024K, 5 young (5120K), 5 survivors (5120K)
 Metaspace       used 81136K, capacity 83198K, committed 83408K, reserved 1122304K
  class space    used 10087K, capacity 10808K, committed 10880K, reserved 1048576K
}
Event: 68.923 GC heap before
{Heap before GC invocations=85 (full 0):
 garbage-first heap   total 220160K, used 191103K [0x00000000a0000000, 0x0000000100000000)
  region size 1024K, 109 young (111616K), 5 survivors (5120K)
 Metaspace       used 81156K, capacity 83202K, committed 83408K, reserved 1122304K
  class space    used 10087K, capacity 10808K, committed 10880K, reserved 1048576K
}
Event: 68.925 GC heap after
{Heap after GC invocations=86 (full 0):
 garbage-first heap   total 220160K, used 79382K [0x00000000a0000000, 0x0000000100000000)
  region size 1024K, 1 young (1024K), 1 survivors (1024K)
 Metaspace       used 81156K, capacity 83202K, committed 83408K, reserved 1122304K
  class space    used 10087K, capacity 10808K, committed 10880K, reserved 1048576K
}
Event: 73.248 GC heap before
{Heap before GC invocations=86 (full 0):
 garbage-first heap   total 220160K, used 194070K [0x00000000a0000000, 0x0000000100000000)
  region size 1024K, 111 young (113664K), 1 survivors (1024K)
 Metaspace       used 83150K, capacity 85454K, committed 85584K, reserved 1124352K
  class space    used 10426K, capacity 11237K, committed 11264K, reserved 1048576K
}
Event: 73.260 GC heap after
{Heap after GC invocations=87 (full 0):
 garbage-first heap   total 220160K, used 90387K [0x00000000a0000000, 0x0000000100000000)
  region size 1024K, 10 young (10240K), 10 survivors (10240K)
 Metaspace       used 83150K, capacity 85454K, committed 85584K, reserved 1124352K
  class space    used 10426K, capacity 11237K, committed 11264K, reserved 1048576K
}

